#
# There is insufficient memory for the Java Runtime Environment to continue.
# Native memory allocation (mmap) failed to map 125829120 bytes for G1 virtual space
# Possible reasons:
#   The system is out of physical RAM or swap space
#   The process is running with CompressedOops enabled, and the Java Heap may be blocking the growth of the native heap
# Possible solutions:
#   Reduce memory load on the system
#   Increase physical memory or swap space
#   Check if swap backing store is full
#   Decrease Java heap size (-Xmx/-Xms)
#   Decrease number of Java threads
#   Decrease Java thread stack sizes (-Xss)
#   Set larger code cache with -XX:ReservedCodeCacheSize=
#   JVM is running with Unscaled Compressed Oops mode in which the Java heap is
#     placed in the first 4GB address space. The Java Heap base address is the
#     maximum limit for the native heap growth. Please use -XX:HeapBaseMinAddress
#     to set the Java Heap base and to place the Java Heap above 4GB virtual address.
# This output file may be truncated or incomplete.
#
#  Out of Memory Error (os_windows.cpp:3528), pid=2632, tid=2032
#
# JRE version:  (20.0.2+9) (build )
# Java VM: Java HotSpot(TM) 64-Bit Server VM (20.0.2+9-78, mixed mode, sharing, tiered, compressed oops, compressed class ptrs, g1 gc, windows-amd64)
# No core dump will be written. Minidumps are not enabled by default on client versions of Windows
#

---------------  S U M M A R Y ------------

Command Line: -Dnet.bytebuddy.agent.attacher.dump= net.bytebuddy.agent.Attacher com.sun.tools.attach.VirtualMachine 17832 C:\Users\Youcode\.m2\repository\net\bytebuddy\byte-buddy-agent\1.14.10\byte-buddy-agent-1.14.10.jar false 

Host: 11th Gen Intel(R) Core(TM) i5-1135G7 @ 2.40GHz, 8 cores, 7G,  Windows 10 , 64 bit Build 19041 (10.0.19041.3636)
Time: Mon Dec 18 20:46:39 2023 Maroc (heure d64 bit Build 19041 (10.0.19041.3636) elapsed time: 0.036376 seconds (0d 0h 0m 0s)

---------------  T H R E A D  ---------------

Current thread (0x0000022e225bbe00):  JavaThread "Unknown thread" [_thread_in_vm, id=2032, stack(0x000000384a600000,0x000000384a700000)]

Stack: [0x000000384a600000,0x000000384a700000]
Native frames: (J=compiled Java code, j=interpreted, Vv=VM code, C=native code)
V  [jvm.dll+0x6bc25a]
V  [jvm.dll+0x84971a]
V  [jvm.dll+0x84b315]
V  [jvm.dll+0x84ba13]
V  [jvm.dll+0x280e4f]
V  [jvm.dll+0x6b8fe9]
V  [jvm.dll+0x6adbca]
V  [jvm.dll+0x35b165]
V  [jvm.dll+0x363386]
V  [jvm.dll+0x3b400e]
V  [jvm.dll+0x3b4295]
V  [jvm.dll+0x32b86a]
V  [jvm.dll+0x32c68b]
V  [jvm.dll+0x8123df]
V  [jvm.dll+0x3c1261]
V  [jvm.dll+0x7fe103]
V  [jvm.dll+0x44ccaf]
V  [jvm.dll+0x44e621]
C  [jli.dll+0x5287]
C  [ucrtbase.dll+0x21bb2]
C  [KERNEL32.DLL+0x17344]
C  [ntdll.dll+0x526b1]


---------------  P R O C E S S  ---------------

Threads class SMR info:
_java_thread_list=0x00007ffe1941b118, length=0, elements={
}

Java Threads: ( => current thread )

Other Threads:
  0x0000022e22618830 WorkerThread "GC Thread#0" [stack: 0x000000384a700000,0x000000384a800000] [id=16560]
  0x0000022e2262a550 ConcurrentGCThread "G1 Main Marker" [stack: 0x000000384a800000,0x000000384a900000] [id=11568]
  0x0000022e2262ae90 WorkerThread "G1 Conc#0" [stack: 0x000000384a900000,0x000000384aa00000] [id=9740]

[error occurred during error reporting (printing all threads), id 0xc0000005, EXCEPTION_ACCESS_VIOLATION (0xc0000005) at pc=0x00007ffe18bfeea7]
VM state: not at safepoint (not fully initialized)

VM Mutex/Monitor currently owned by a thread:  ([mutex/lock_event])
[0x0000022e225b69a0] Heap_lock - owner thread: 0x0000022e225bbe00

Heap address: 0x0000000089600000, size: 1898 MB, Compressed Oops mode: 32-bit

CDS archive(s) mapped at: [0x0000000000000000-0x0000000000000000-0x0000000000000000), size 0, SharedBaseAddress: 0x0000000800000000, ArchiveRelocationMode: 1.
Narrow klass base: 0x0000000000000000, Narrow klass shift: 0, Narrow klass range: 0x0

GC Precious Log:
 CardTable entry size: 512
 Card Set container configuration: InlinePtr #cards 5 size 8 Array Of Cards #cards 12 size 40 Howl #buckets 4 coarsen threshold 1843 Howl Bitmap #cards 512 size 80 coarsen threshold 460 Card regions per heap region 1 cards per card region 2048

Heap:
 garbage-first heap   total 0K, used 0K [0x0000000089600000, 0x0000000100000000)
  region size 1024K, 0 young (0K), 0 survivors (0K)

[error occurred during error reporting (printing heap information), id 0xc0000005, EXCEPTION_ACCESS_VIOLATION (0xc0000005) at pc=0x00007ffe18fd47b9]
GC Heap History (0 events):
No events

Dll operation events (1 events):
Event: 0.011 Loaded shared library C:\Program Files\Java\jdk-20\bin\java.dll

Deoptimization events (0 events):
No events

Classes loaded (0 events):
No events

Classes unloaded (0 events):
No events

Classes redefined (0 events):
No events

Internal exceptions (0 events):
No events

VM Operations (0 events):
No events

Events (0 events):
No events


Dynamic libraries:
0x00007ff6751f0000 - 0x00007ff675200000 	C:\Program Files\Java\jdk-20\bin\java.exe
0x00007ffe5ce90000 - 0x00007ffe5d088000 	C:\Windows\SYSTEM32\ntdll.dll
0x00007ffe5c7a0000 - 0x00007ffe5c85d000 	C:\Windows\System32\KERNEL32.DLL
0x00007ffe5abf0000 - 0x00007ffe5aee6000 	C:\Windows\System32\KERNELBASE.dll
0x00007ffe5a7e0000 - 0x00007ffe5a8e0000 	C:\Windows\System32\ucrtbase.dll
0x00007ffe4b0d0000 - 0x00007ffe4b0e9000 	C:\Program Files\Java\jdk-20\bin\jli.dll
0x00007ffe51670000 - 0x00007ffe5168b000 	C:\Program Files\Java\jdk-20\bin\VCRUNTIME140.dll
0x00007ffe5bb50000 - 0x00007ffe5bbff000 	C:\Windows\System32\ADVAPI32.dll
0x00007ffe5cc90000 - 0x00007ffe5cd2e000 	C:\Windows\System32\msvcrt.dll
0x00007ffe5aef0000 - 0x00007ffe5af8c000 	C:\Windows\System32\sechost.dll
0x00007ffe5bc00000 - 0x00007ffe5bd26000 	C:\Windows\System32\RPCRT4.dll
0x00007ffe5ca30000 - 0x00007ffe5cbce000 	C:\Windows\System32\USER32.dll
0x00007ffe5a780000 - 0x00007ffe5a7a2000 	C:\Windows\System32\win32u.dll
0x00007ffe5bd30000 - 0x00007ffe5bd5c000 	C:\Windows\System32\GDI32.dll
0x00007ffe5aad0000 - 0x00007ffe5abea000 	C:\Windows\System32\gdi32full.dll
0x00007ffe5a570000 - 0x00007ffe5a60d000 	C:\Windows\System32\msvcp_win.dll
0x00007ffe484d0000 - 0x00007ffe4876a000 	C:\Windows\WinSxS\amd64_microsoft.windows.common-controls_6595b64144ccf1df_6.0.19041.3636_none_60b6a03d71f818d5\COMCTL32.dll
0x00007ffe4ea90000 - 0x00007ffe4ea9a000 	C:\Windows\SYSTEM32\VERSION.dll
0x00007ffe5ba40000 - 0x00007ffe5ba70000 	C:\Windows\System32\IMM32.DLL
0x00007ffe516d0000 - 0x00007ffe516dc000 	C:\Program Files\Java\jdk-20\bin\vcruntime140_1.dll
0x00007ffe1ab80000 - 0x00007ffe1ac0e000 	C:\Program Files\Java\jdk-20\bin\msvcp140.dll
0x00007ffe188c0000 - 0x00007ffe19558000 	C:\Program Files\Java\jdk-20\bin\server\jvm.dll
0x00007ffe4d740000 - 0x00007ffe4d749000 	C:\Windows\SYSTEM32\WSOCK32.dll
0x00007ffe4b940000 - 0x00007ffe4b967000 	C:\Windows\SYSTEM32\WINMM.dll
0x00007ffe5c9c0000 - 0x00007ffe5ca2b000 	C:\Windows\System32\WS2_32.dll
0x00007ffe58dc0000 - 0x00007ffe58dd2000 	C:\Windows\SYSTEM32\kernel.appcore.dll
0x00007ffe4b070000 - 0x00007ffe4b07a000 	C:\Program Files\Java\jdk-20\bin\jimage.dll
0x00007ffe58af0000 - 0x00007ffe58cd4000 	C:\Windows\SYSTEM32\DBGHELP.DLL
0x00007ffe2dee0000 - 0x00007ffe2df14000 	C:\Windows\SYSTEM32\dbgcore.DLL
0x00007ffe5a8e0000 - 0x00007ffe5a962000 	C:\Windows\System32\bcryptPrimitives.dll
0x00007ffe46fc0000 - 0x00007ffe46fe6000 	C:\Program Files\Java\jdk-20\bin\java.dll

dbghelp: loaded successfully - version: 4.0.5 - missing functions: none
symbol engine: initialized successfully - sym options: 0x614 - pdb path: .;C:\Program Files\Java\jdk-20\bin;C:\Windows\SYSTEM32;C:\Windows\WinSxS\amd64_microsoft.windows.common-controls_6595b64144ccf1df_6.0.19041.3636_none_60b6a03d71f818d5;C:\Program Files\Java\jdk-20\bin\server

VM Arguments:
jvm_args: -Dnet.bytebuddy.agent.attacher.dump= 
java_command: net.bytebuddy.agent.Attacher com.sun.tools.attach.VirtualMachine 17832 C:\Users\Youcode\.m2\repository\net\bytebuddy\byte-buddy-agent\1.14.10\byte-buddy-agent-1.14.10.jar false 
java_class_path (initial): C:\Users\Youcode\.m2\repository\net\bytebuddy\byte-buddy-agent\1.14.10\byte-buddy-agent-1.14.10.jar
Launcher Type: SUN_STANDARD

[Global flags]
     intx CICompilerCount                          = 4                                         {product} {ergonomic}
     uint ConcGCThreads                            = 2                                         {product} {ergonomic}
     uint G1ConcRefinementThreads                  = 8                                         {product} {ergonomic}
   size_t G1HeapRegionSize                         = 1048576                                   {product} {ergonomic}
    uintx GCDrainStackTargetSize                   = 64                                        {product} {ergonomic}
   size_t InitialHeapSize                          = 125829120                                 {product} {ergonomic}
   size_t MarkStackSize                            = 4194304                                   {product} {ergonomic}
   size_t MaxHeapSize                              = 1990197248                                {product} {ergonomic}
   size_t MinHeapDeltaBytes                        = 1048576                                   {product} {ergonomic}
   size_t MinHeapSize                              = 8388608                                   {product} {ergonomic}
    uintx NonNMethodCodeHeapSize                   = 5839372                                {pd product} {ergonomic}
    uintx NonProfiledCodeHeapSize                  = 122909434                              {pd product} {ergonomic}
    uintx ProfiledCodeHeapSize                     = 122909434                              {pd product} {ergonomic}
    uintx ReservedCodeCacheSize                    = 251658240                              {pd product} {ergonomic}
     bool SegmentedCodeCache                       = true                                      {product} {ergonomic}
   size_t SoftMaxHeapSize                          = 1990197248                             {manageable} {ergonomic}
     bool UseCompressedClassPointers               = true                           {product lp64_product} {ergonomic}
     bool UseCompressedOops                        = true                           {product lp64_product} {ergonomic}
     bool UseG1GC                                  = true                                      {product} {ergonomic}
     bool UseLargePagesIndividualAllocation        = false                                  {pd product} {ergonomic}

Logging:
Log output configuration:
 #0: stdout all=warning uptime,level,tags foldmultilines=false
 #1: stderr all=off uptime,level,tags foldmultilines=false

Environment Variables:
PATH=C:\Program Files\Common Files\Oracle\Java\javapath;C:\Python311\Scripts\;C:\Python311\;C:\Windows\system32;C:\Windows;C:\Windows\System32\Wbem;C:\Windows\System32\WindowsPowerShell\v1.0\;C:\Windows\System32\OpenSSH\;C:\Program Files\dotnet\;C:\Program Files\Git\cmd;C:\TDM-GCC-64\bin;C:\xampp\php;C:\ProgramData\ComposerSetup\bin;C:\ProgramData\chocolatey\bin;C:\Program Files\Java\jdk-17\bin;C:\Program Files\nodejs\;C:\Users\Youcode\AppData\Local\Microsoft\WindowsApps;C:\Users\Youcode\AppData\Local\Programs\Microsoft VS Code\bin;C:\Users\Youcode\AppData\Local\GitHubDesktop\bin;C:\Users\Youcode\AppData\Roaming\Composer\vendor\bin;C:\Program Files\JetBrains\IntelliJ IDEA 2022.2\bin;;C:\Users\Youcode\AppData\Roaming\npm;
USERNAME=Youcode
OS=Windows_NT
PROCESSOR_IDENTIFIER=Intel64 Family 6 Model 140 Stepping 1, GenuineIntel
TMP=C:\Users\Youcode\AppData\Local\Temp
TEMP=C:\Users\Youcode\AppData\Local\Temp




---------------  S Y S T E M  ---------------

OS:
 Windows 10 , 64 bit Build 19041 (10.0.19041.3636)
OS uptime: 0 days 1:08 hours

CPU: total 8 (initial active 8) (4 cores per cpu, 2 threads per core) family 6 model 140 stepping 1 microcode 0xb4, cx8, cmov, fxsr, ht, mmx, 3dnowpref, sse, sse2, sse3, ssse3, sse4.1, sse4.2, popcnt, lzcnt, tsc, tscinvbit, avx, avx2, aes, erms, clmul, bmi1, bmi2, adx, avx512f, avx512dq, avx512cd, avx512bw, avx512vl, sha, fma, vzeroupper, avx512_vpopcntdq, avx512_vpclmulqdq, avx512_vaes, avx512_vnni, clflush, clflushopt, clwb, avx512_vbmi2, avx512_vbmi, rdtscp, rdpid, fsrm, gfni, avx512_bitalg, f16c, pku, cet_ibt, cet_ss, avx512_ifma

Memory: 4k page, system-wide physical 7585M (312M free)
TotalPageFile size 31137M (AvailPageFile size 103M)
current process WorkingSet (physical memory assigned to process): 10M, peak: 10M
current process commit charge ("private bytes"): 60M, peak: 180M

vm_info: Java HotSpot(TM) 64-Bit Server VM (20.0.2+9-78) for windows-amd64 JRE (20.0.2+9-78), built on 2023-06-14T10:08:48Z by "mach5one" with MS VC++ 17.1 (VS2022)

END.
